#lib/Chj/BuiltinTypePredicates.pm	Code before strictures are enabled at line 25, column 1. See page 429 of PBP.
#lib/Chj/BuiltinTypePredicates.pm	Subroutine prototypes used at line 37, column 1. See page 194 of PBP.

#lib/Chj/Class/methodnames.pm	Code before strictures are enabled at line 31, column 1. See page 429 of PBP.
#lib/Chj/Class/methodnames.pm	Stricture disabled at line 59, column 5. See page 429 of PBP.

#lib/Chj/Class/methodnames.pm	Subroutine prototypes used at line 118, column 1. See page 194 of PBP.

#lib/Chj/IO/CommandCommon.pm	Subroutine prototypes used at line 34, column 1. See page 194 of PBP.
#lib/Chj/IO/CommandCommon.pm	Subroutine prototypes used at line 35, column 1. See page 194 of PBP.

#lib/Chj/IO/Dir.pm	Expression form of "eval" at line 27, column 2. See page 161 of PBP.
#lib/Chj/IO/Dir.pm	Expression form of "eval" at line 29, column 2. See page 161 of PBP.

#lib/Chj/IO/File.pm	Two-argument "open" used at line 251, column 7. See page 207 of PBP.
#lib/Chj/IO/File.pm	"return" statement with explicit "undef" at line 304, column 12. See page 199 of PBP.
#lib/Chj/IO/File.pm	Two-argument "open" used at line 952, column 5. See page 207 of PBP.

#lib/Chj/IO/Pipe.pm	Code before strictures are enabled at line 20, column 1. See page 429 of PBP.

#lib/Chj/IO/Tempfile.pm	Integer with leading zeros: "0600" at line 74, column 29. See page 58 of PBP.
#lib/Chj/IO/Tempfile.pm	Integer with leading zeros: "0777" at line 225, column 12. See page 58 of PBP.
#lib/Chj/IO/Tempfile.pm	Integer with leading zeros: "0777" at line 231, column 14. See page 58 of PBP.

#lib/Chj/NamespaceClean.pm	Code before strictures are enabled at line 22, column 1. See page 429 of PBP.
#lib/Chj/NamespaceClean.pm	Stricture disabled at line 32, column 5. See page 429 of PBP.
#lib/Chj/NamespaceClean.pm	Stricture disabled at line 48, column 5. See page 429 of PBP.

#lib/Chj/NamespaceCleanAbove.pm	Stricture disabled at line 40, column 5. See page 429 of PBP.

#lib/Chj/Package/OfPath.pm	Code before strictures are enabled at line 21, column 1. See page 429 of PBP.

#lib/Chj/TEST.pm	Code before strictures are enabled at line 54, column 1. See page 429 of PBP.
#lib/Chj/TEST.pm	Expression form of "eval" at line 93, column 10. See page 161 of PBP.
#lib/Chj/TEST.pm	Subroutine prototypes used at line 136, column 1. See page 194 of PBP.
#lib/Chj/TEST.pm	Subroutine prototypes used at line 140, column 1. See page 194 of PBP.
#lib/Chj/TEST.pm	Subroutine prototypes used at line 145, column 1. See page 194 of PBP.
#lib/Chj/TEST.pm	Subroutine prototypes used at line 162, column 1. See page 194 of PBP.
#lib/Chj/TEST.pm	Subroutine prototypes used at line 170, column 1. See page 194 of PBP.

#lib/Chj/TerseDumper.pm	Code before strictures are enabled at line 23, column 1. See page 429 of PBP.

#lib/Chj/Unix/exitcode.pm	Code before strictures are enabled at line 20, column 1. See page 429 of PBP.
#lib/Chj/Unix/exitcode.pm	Subroutine prototypes used at line 29, column 1. See page 194 of PBP.

#lib/Chj/Util/Repl.pm	Expression form of "eval" at line 85, column 5. See page 161 of PBP.
#lib/Chj/Util/Repl.pm	Subroutine prototypes used at line 100, column 1. See page 194 of PBP.
#lib/Chj/Util/Repl.pm	Stricture disabled at line 290, column 3. See page 429 of PBP.
#lib/Chj/Util/Repl.pm	Stricture disabled at line 384, column 3. See page 429 of PBP.
#lib/Chj/Util/Repl.pm	Stricture disabled at line 665, column 8. See page 429 of PBP.
#lib/Chj/Util/Repl.pm	Stricture disabled at line 668, column 12. See page 429 of PBP.
#lib/Chj/Util/Repl.pm	Stricture disabled at line 720, column 9. See page 429 of PBP.
#lib/Chj/Util/Repl.pm	Integer with leading zeros: "0600" at line 755, column 16. See page 58 of PBP.

#lib/Chj/Util/Repl/corefuncs.pm	Code before strictures are enabled at line 20, column 1. See page 429 of PBP.

#lib/Chj/chompspace.pm	Code before strictures are enabled at line 18, column 1. See page 429 of PBP.
#lib/Chj/chompspace.pm	Subroutine prototypes used at line 23, column 1. See page 194 of PBP.

#lib/Chj/noTEST.pm	Code before strictures are enabled at line 33, column 1. See page 429 of PBP.
#lib/Chj/noTEST.pm	Subroutine prototypes used at line 45, column 1. See page 194 of PBP.
#lib/Chj/noTEST.pm	Subroutine prototypes used at line 49, column 1. See page 194 of PBP.
#lib/Chj/noTEST.pm	Subroutine prototypes used at line 53, column 1. See page 194 of PBP.
#lib/Chj/noTEST.pm	Subroutine prototypes used at line 57, column 1. See page 194 of PBP.

#lib/Chj/pp.pm	Code before strictures are enabled at line 26, column 1. See page 429 of PBP.

#lib/FP/repl.pm	Code before strictures are enabled at line 30, column 1. See page 429 of PBP.

#lib/Chj/ruse.pm	Stricture disabled at line 92, column 6. See page 429 of PBP.
#lib/Chj/ruse.pm	Expression form of "eval" at line 166, column 6. See page 161 of PBP.
#lib/Chj/ruse.pm	Stricture disabled at line 186, column 5. See page 429 of PBP.

#lib/Chj/singlequote.pm	Code before strictures are enabled at line 19, column 1. See page 429 of PBP.
#lib/Chj/singlequote.pm	Subroutine prototypes used at line 27, column 1. See page 194 of PBP.
#lib/Chj/singlequote.pm	Subroutine prototypes used at line 36, column 1. See page 194 of PBP.

#lib/Chj/time_this.pm	Code before strictures are enabled at line 42, column 1. See page 429 of PBP.
#lib/Chj/time_this.pm	Subroutine prototypes used at line 51, column 1. See page 194 of PBP.

#lib/Chj/xIO.pm	Code before strictures are enabled at line 21, column 1. See page 429 of PBP.
#lib/Chj/xIO.pm	Subroutine prototypes used at line 43, column 1. See page 194 of PBP.

#lib/Chj/xIOUtil.pm	Code before strictures are enabled at line 19, column 1. See page 429 of PBP.
#lib/Chj/xIOUtil.pm	Subroutine prototypes used at line 33, column 1. See page 194 of PBP.
#lib/Chj/xIOUtil.pm	Subroutine prototypes used at line 42, column 1. See page 194 of PBP.
#lib/Chj/xIOUtil.pm	Subroutine prototypes used at line 43, column 1. See page 194 of PBP.
#lib/Chj/xIOUtil.pm	Subroutine prototypes used at line 61, column 1. See page 194 of PBP.
#lib/Chj/xIOUtil.pm	Subroutine prototypes used at line 69, column 1. See page 194 of PBP.
#lib/Chj/xIOUtil.pm	Subroutine prototypes used at line 75, column 1. See page 194 of PBP.

#lib/Chj/xopen.pm	Code before strictures are enabled at line 72, column 1. See page 429 of PBP.
#lib/Chj/xopen.pm	Subroutine prototypes used at line 86, column 1. See page 194 of PBP.
#lib/Chj/xopen.pm	Subroutine prototypes used at line 99, column 1. See page 194 of PBP.
#lib/Chj/xopen.pm	Subroutine prototypes used at line 112, column 1. See page 194 of PBP.
#lib/Chj/xopen.pm	Subroutine prototypes used at line 125, column 1. See page 194 of PBP.
#lib/Chj/xopen.pm	Subroutine prototypes used at line 138, column 1. See page 194 of PBP.

#lib/Chj/xopendir.pm	Code before strictures are enabled at line 85, column 1. See page 429 of PBP.
#lib/Chj/xopendir.pm	Subroutine prototypes used at line 91, column 1. See page 194 of PBP.

#lib/Chj/xoutpipe.pm	Code before strictures are enabled at line 33, column 1. See page 429 of PBP.

#lib/Chj/xperlfunc.pm	Code before strictures are enabled at line 184, column 1. See page 429 of PBP.
#lib/Chj/xperlfunc.pm	Expression form of "eval" at line 254, column 2. See page 161 of PBP.
#lib/Chj/xperlfunc.pm	Expression form of "eval" at line 256, column 2. See page 161 of PBP.
#lib/Chj/xperlfunc.pm	Subroutine prototypes used at line 260, column 1. See page 194 of PBP.
#lib/Chj/xperlfunc.pm	Subroutine prototypes used at line 341, column 1. See page 194 of PBP.
#lib/Chj/xperlfunc.pm	Subroutine prototypes used at line 351, column 1. See page 194 of PBP.
#lib/Chj/xperlfunc.pm	Integer with leading zeros: "07777" at line 651, column 36. See page 58 of PBP.
#lib/Chj/xperlfunc.pm	Integer with leading zeros: "00700" at line 653, column 39. See page 58 of PBP.
#lib/Chj/xperlfunc.pm	Integer with leading zeros: "00070" at line 654, column 39. See page 58 of PBP.
#lib/Chj/xperlfunc.pm	Integer with leading zeros: "00007" at line 655, column 38. See page 58 of PBP.
#lib/Chj/xperlfunc.pm	Integer with leading zeros: "07000" at line 656, column 39. See page 58 of PBP.
#lib/Chj/xperlfunc.pm	Integer with leading zeros: "04000" at line 657, column 34. See page 58 of PBP.
#lib/Chj/xperlfunc.pm	Integer with leading zeros: "02000" at line 659, column 34. See page 58 of PBP.
#lib/Chj/xperlfunc.pm	Integer with leading zeros: "01000" at line 660, column 34. See page 58 of PBP.
#lib/Chj/xperlfunc.pm	Integer with leading zeros: "0170000" at line 661, column 34. See page 58 of PBP.
#lib/Chj/xperlfunc.pm	Integer with leading zeros: "00100" at line 671, column 27. See page 58 of PBP.
#lib/Chj/xperlfunc.pm	Integer with leading zeros: "00010" at line 680, column 19. See page 58 of PBP.
#lib/Chj/xperlfunc.pm	Integer with leading zeros: "00001" at line 688, column 24. See page 58 of PBP.
#lib/Chj/xperlfunc.pm	Subroutine prototypes used at line 843, column 1. See page 194 of PBP.
#lib/Chj/xperlfunc.pm	Subroutine prototypes used at line 871, column 1. See page 194 of PBP.
#lib/Chj/xperlfunc.pm	Subroutine prototypes used at line 877, column 1. See page 194 of PBP.
#lib/Chj/xperlfunc.pm	Subroutine prototypes used at line 882, column 1. See page 194 of PBP.
#lib/Chj/xperlfunc.pm	Subroutine prototypes used at line 930, column 1. See page 194 of PBP.
#lib/Chj/xperlfunc.pm	Subroutine prototypes used at line 1033, column 1. See page 194 of PBP.
#lib/Chj/xperlfunc.pm	Subroutine prototypes used at line 1039, column 1. See page 194 of PBP.
#lib/Chj/xperlfunc.pm	Expression form of "eval" at line 1043, column 14. See page 161 of PBP.
#lib/Chj/xperlfunc.pm	Expression form of "eval" at line 1050, column 15. See page 161 of PBP.
#lib/Chj/xperlfunc.pm	Expression form of "eval" at line 1058, column 2. See page 161 of PBP.
#lib/Chj/xperlfunc.pm	Subroutine prototypes used at line 1075, column 1. See page 194 of PBP.
#lib/Chj/xperlfunc.pm	Subroutine prototypes used at line 1090, column 1. See page 194 of PBP.
#lib/Chj/xperlfunc.pm	Subroutine prototypes used at line 1128, column 1. See page 194 of PBP.
#lib/Chj/xperlfunc.pm	Subroutine prototypes used at line 1150, column 1. See page 194 of PBP.
#lib/Chj/xperlfunc.pm	Subroutine prototypes used at line 1151, column 1. See page 194 of PBP.
#lib/Chj/xperlfunc.pm	Subroutine prototypes used at line 1172, column 1. See page 194 of PBP.
#lib/Chj/xperlfunc.pm	Subroutine prototypes used at line 1200, column 1. See page 194 of PBP.

#lib/Chj/xpipe.pm	Code before strictures are enabled at line 34, column 1. See page 429 of PBP.

#lib/Chj/xtmpfile.pm	Code before strictures are enabled at line 19, column 1. See page 429 of PBP.

#lib/Class/Array.pm	Code before strictures are enabled at line 17, column 1. See page 429 of PBP.
#lib/Class/Array.pm	Expression form of "eval" at line 23, column 9. See page 161 of PBP.
#lib/Class/Array.pm	Subroutine prototypes used at line 27, column 1. See page 194 of PBP.
#lib/Class/Array.pm	Subroutine prototypes used at line 27, column 20. See page 194 of PBP.
#lib/Class/Array.pm	Subroutine prototypes used at line 27, column 42. See page 194 of PBP.
#lib/Class/Array.pm	Subroutine prototypes used at line 28, column 1. See page 194 of PBP.
#lib/Class/Array.pm	Loop iterator is not lexical at line 32, column 5. See page 108 of PBP.
#lib/Class/Array.pm	Stricture disabled at line 167, column 9. See page 429 of PBP.
#lib/Class/Array.pm	Stricture disabled at line 202, column 8. See page 429 of PBP.
#lib/Class/Array.pm	Stricture disabled at line 216, column 2. See page 429 of PBP.
#lib/Class/Array.pm	Stricture disabled at line 236, column 5. See page 429 of PBP.
#lib/Class/Array.pm	Stricture disabled at line 294, column 5. See page 429 of PBP.
#lib/Class/Array.pm	Expression form of "eval" at line 303, column 19. See page 161 of PBP.
#lib/Class/Array.pm	Stricture disabled at line 318, column 5. See page 429 of PBP.
#lib/Class/Array.pm	Expression form of "eval" at line 347, column 29. See page 161 of PBP.
#lib/Class/Array.pm	Stricture disabled at line 378, column 5. See page 429 of PBP.
#lib/Class/Array.pm	Stricture disabled at line 473, column 5. See page 429 of PBP.
#lib/Class/Array.pm	Stricture disabled at line 510, column 5. See page 429 of PBP.
#lib/Class/Array.pm	Expression form of "eval" at line 523, column 47. See page 161 of PBP.
#lib/Class/Array.pm	Expression form of "eval" at line 528, column 51. See page 161 of PBP.
#lib/Class/Array.pm	Stricture disabled at line 603, column 5. See page 429 of PBP.

#lib/FP.pm	Code before strictures are enabled at line 25, column 1. See page 429 of PBP.

#lib/FP/Array.pm	Code before strictures are enabled at line 31, column 1. See page 429 of PBP.
#lib/FP/Array.pm	Subroutine prototypes used at line 79, column 1. See page 194 of PBP.
#lib/FP/Array.pm	Subroutine prototypes used at line 83, column 1. See page 194 of PBP.
#lib/FP/Array.pm	Subroutine prototypes used at line 87, column 1. See page 194 of PBP.
#lib/FP/Array.pm	Subroutine prototypes used at line 92, column 1. See page 194 of PBP.
#lib/FP/Array.pm	Subroutine prototypes used at line 98, column 1. See page 194 of PBP.
#lib/FP/Array.pm	Subroutine prototypes used at line 106, column 1. See page 194 of PBP.
#lib/FP/Array.pm	Subroutine prototypes used at line 121, column 1. See page 194 of PBP.
#lib/FP/Array.pm	Subroutine prototypes used at line 128, column 1. See page 194 of PBP.
#lib/FP/Array.pm	Subroutine prototypes used at line 154, column 1. See page 194 of PBP.
#lib/FP/Array.pm	Subroutine prototypes used at line 159, column 1. See page 194 of PBP.
#lib/FP/Array.pm	Subroutine prototypes used at line 165, column 1. See page 194 of PBP.
#lib/FP/Array.pm	Subroutine prototypes used at line 178, column 1. See page 194 of PBP.
#lib/FP/Array.pm	Subroutine prototypes used at line 179, column 1. See page 194 of PBP.
#lib/FP/Array.pm	Subroutine prototypes used at line 189, column 1. See page 194 of PBP.
#lib/FP/Array.pm	Subroutine prototypes used at line 239, column 1. See page 194 of PBP.
#lib/FP/Array.pm	Subroutine prototypes used at line 267, column 1. See page 194 of PBP.
#lib/FP/Array.pm	Subroutine prototypes used at line 283, column 1. See page 194 of PBP.
#lib/FP/Array.pm	Subroutine prototypes used at line 301, column 1. See page 194 of PBP.
#lib/FP/Array.pm	Subroutine prototypes used at line 321, column 1. See page 194 of PBP.
#lib/FP/Array.pm	Subroutine prototypes used at line 330, column 1. See page 194 of PBP.
#lib/FP/Array.pm	Subroutine prototypes used at line 342, column 1. See page 194 of PBP.
#lib/FP/Array.pm	Subroutine prototypes used at line 359, column 1. See page 194 of PBP.
#lib/FP/Array.pm	Subroutine prototypes used at line 365, column 1. See page 194 of PBP.
#lib/FP/Array.pm	Subroutine prototypes used at line 370, column 1. See page 194 of PBP.

#lib/FP/Array_sort.pm	Code before strictures are enabled at line 53, column 1. See page 429 of PBP.
#lib/FP/Array_sort.pm	Subroutine prototypes used at line 63, column 1. See page 194 of PBP.
#lib/FP/Array_sort.pm	Subroutine prototypes used at line 73, column 1. See page 194 of PBP.
#lib/FP/Array_sort.pm	Subroutine prototypes used at line 84, column 1. See page 194 of PBP.

#lib/FP/Char.pm	Code before strictures are enabled at line 24, column 1. See page 429 of PBP.
#lib/FP/Char.pm	Subroutine prototypes used at line 29, column 1. See page 194 of PBP.

#lib/FP/Combinators.pm	Code before strictures are enabled at line 30, column 1. See page 429 of PBP.
#lib/FP/Combinators.pm	"return" statement with explicit "undef" at line 93, column 6. See page 199 of PBP.
#lib/FP/Combinators.pm	Subroutine prototypes used at line 111, column 1. See page 194 of PBP.
#lib/FP/Combinators.pm	Subroutine prototypes used at line 123, column 1. See page 194 of PBP.
#lib/FP/Combinators.pm	Subroutine prototypes used at line 131, column 1. See page 194 of PBP.
#lib/FP/Combinators.pm	Subroutine prototypes used at line 139, column 1. See page 194 of PBP.

#lib/FP/Div.pm	Code before strictures are enabled at line 20, column 1. See page 429 of PBP.
#lib/FP/Div.pm	Subroutine prototypes used at line 33, column 1. See page 194 of PBP.
#lib/FP/Div.pm	Subroutine prototypes used at line 37, column 1. See page 194 of PBP.
#lib/FP/Div.pm	Subroutine prototypes used at line 41, column 1. See page 194 of PBP.
#lib/FP/Div.pm	Subroutine prototypes used at line 45, column 1. See page 194 of PBP.

#lib/FP/Equal.pm	Code before strictures are enabled at line 33, column 1. See page 429 of PBP.
#lib/FP/Equal.pm	Subroutine prototypes used at line 44, column 1. See page 194 of PBP.
#lib/FP/Equal.pm	Subroutine prototypes used at line 50, column 1. See page 194 of PBP.

#lib/FP/Hash.pm	Code before strictures are enabled at line 38, column 1. See page 429 of PBP.
#lib/FP/Hash.pm	Subroutine prototypes used at line 70, column 1. See page 194 of PBP.
#lib/FP/Hash.pm	Subroutine prototypes used at line 88, column 1. See page 194 of PBP.
#lib/FP/Hash.pm	Subroutine prototypes used at line 96, column 1. See page 194 of PBP.
#lib/FP/Hash.pm	Subroutine prototypes used at line 105, column 1. See page 194 of PBP.
#lib/FP/Hash.pm	Subroutine prototypes used at line 118, column 1. See page 194 of PBP.

#lib/FP/HashSet.pm	Code before strictures are enabled at line 45, column 1. See page 429 of PBP.
#lib/FP/HashSet.pm	Subroutine prototypes used at line 66, column 1. See page 194 of PBP.
#lib/FP/HashSet.pm	Subroutine prototypes used at line 74, column 1. See page 194 of PBP.
#lib/FP/HashSet.pm	Subroutine prototypes used at line 83, column 1. See page 194 of PBP.
#lib/FP/HashSet.pm	Subroutine prototypes used at line 89, column 1. See page 194 of PBP.
#lib/FP/HashSet.pm	Subroutine prototypes used at line 93, column 1. See page 194 of PBP.
#lib/FP/HashSet.pm	Subroutine prototypes used at line 97, column 1. See page 194 of PBP.
#lib/FP/HashSet.pm	Subroutine prototypes used at line 114, column 1. See page 194 of PBP.
#lib/FP/HashSet.pm	Subroutine prototypes used at line 131, column 1. See page 194 of PBP.
#lib/FP/HashSet.pm	Subroutine prototypes used at line 141, column 1. See page 194 of PBP.
#lib/FP/HashSet.pm	Subroutine prototypes used at line 151, column 1. See page 194 of PBP.
#lib/FP/HashSet.pm	Subroutine prototypes used at line 161, column 1. See page 194 of PBP.
#lib/FP/HashSet.pm	Subroutine prototypes used at line 165, column 1. See page 194 of PBP.
#lib/FP/HashSet.pm	Subroutine prototypes used at line 170, column 1. See page 194 of PBP.

#lib/FP/IOStream.pm	Code before strictures are enabled at line 33, column 1. See page 429 of PBP.
#lib/FP/IOStream.pm	Subroutine prototypes used at line 51, column 1. See page 194 of PBP.
#lib/FP/IOStream.pm	Subroutine prototypes used at line 68, column 1. See page 194 of PBP.
#lib/FP/IOStream.pm	Subroutine prototypes used at line 76, column 1. See page 194 of PBP.
#lib/FP/IOStream.pm	Subroutine prototypes used at line 85, column 1. See page 194 of PBP.
#lib/FP/IOStream.pm	Subroutine prototypes used at line 95, column 1. See page 194 of PBP.
#lib/FP/IOStream.pm	Subroutine prototypes used at line 130, column 1. See page 194 of PBP.
#lib/FP/IOStream.pm	Subroutine prototypes used at line 142, column 1. See page 194 of PBP.

#lib/FP/Lazy.pm	Code before strictures are enabled at line 124, column 1. See page 429 of PBP.
#lib/FP/Lazy.pm	Subroutine prototypes used at line 132, column 1. See page 194 of PBP.
#lib/FP/Lazy.pm	Subroutine prototypes used at line 137, column 1. See page 194 of PBP.
#lib/FP/Lazy.pm	Subroutine prototypes used at line 141, column 1. See page 194 of PBP.
#lib/FP/Lazy.pm	Subroutine prototypes used at line 145, column 1. See page 194 of PBP.
#lib/FP/Lazy.pm	Subroutine prototypes used at line 146, column 1. See page 194 of PBP.
#lib/FP/Lazy.pm	Subroutine prototypes used at line 149, column 1. See page 194 of PBP.

#lib/FP/List.pm	Code before strictures are enabled at line 55, column 1. See page 429 of PBP.
#lib/FP/List.pm	Subroutine prototypes used at line 159, column 1. See page 194 of PBP.
#lib/FP/List.pm	Subroutine prototypes used at line 175, column 1. See page 194 of PBP.
#lib/FP/List.pm	Subroutine prototypes used at line 179, column 1. See page 194 of PBP.
#lib/FP/List.pm	Subroutine prototypes used at line 183, column 1. See page 194 of PBP.
#lib/FP/List.pm	Subroutine prototypes used at line 188, column 1. See page 194 of PBP.
#lib/FP/List.pm	Subroutine prototypes used at line 189, column 1. See page 194 of PBP.
#lib/FP/List.pm	Subroutine prototypes used at line 201, column 1. See page 194 of PBP.
#lib/FP/List.pm	Subroutine prototypes used at line 215, column 1. See page 194 of PBP.
#lib/FP/List.pm	Subroutine prototypes used at line 223, column 1. See page 194 of PBP.
#lib/FP/List.pm	Subroutine prototypes used at line 224, column 1. See page 194 of PBP.
#lib/FP/List.pm	Subroutine prototypes used at line 240, column 1. See page 194 of PBP.
#lib/FP/List.pm	Subroutine prototypes used at line 241, column 1. See page 194 of PBP.
#lib/FP/List.pm	Subroutine prototypes used at line 260, column 1. See page 194 of PBP.
#lib/FP/List.pm	Subroutine prototypes used at line 261, column 1. See page 194 of PBP.
#lib/FP/List.pm	Subroutine prototypes used at line 273, column 1. See page 194 of PBP.
#lib/FP/List.pm	Subroutine prototypes used at line 292, column 1. See page 194 of PBP.
#lib/FP/List.pm	Subroutine prototypes used at line 297, column 1. See page 194 of PBP.
#lib/FP/List.pm	Subroutine prototypes used at line 309, column 1. See page 194 of PBP.
#lib/FP/List.pm	Subroutine prototypes used at line 311, column 1. See page 194 of PBP.
#lib/FP/List.pm	Subroutine prototypes used at line 330, column 1. See page 194 of PBP.
#lib/FP/List.pm	Subroutine prototypes used at line 332, column 1. See page 194 of PBP.
#lib/FP/List.pm	Subroutine prototypes used at line 333, column 1. See page 194 of PBP.
#lib/FP/List.pm	Subroutine prototypes used at line 334, column 1. See page 194 of PBP.
#lib/FP/List.pm	Subroutine prototypes used at line 336, column 1. See page 194 of PBP.
#lib/FP/List.pm	Subroutine prototypes used at line 337, column 1. See page 194 of PBP.
#lib/FP/List.pm	Subroutine prototypes used at line 338, column 1. See page 194 of PBP.
#lib/FP/List.pm	Subroutine prototypes used at line 339, column 1. See page 194 of PBP.
#lib/FP/List.pm	Subroutine prototypes used at line 360, column 1. See page 194 of PBP.
#lib/FP/List.pm	Subroutine prototypes used at line 372, column 1. See page 194 of PBP.
#lib/FP/List.pm	Subroutine prototypes used at line 375, column 1. See page 194 of PBP.
#lib/FP/List.pm	Subroutine prototypes used at line 398, column 1. See page 194 of PBP.
#lib/FP/List.pm	Subroutine prototypes used at line 425, column 1. See page 194 of PBP.
#lib/FP/List.pm	Subroutine prototypes used at line 435, column 1. See page 194 of PBP.
#lib/FP/List.pm	Subroutine prototypes used at line 436, column 1. See page 194 of PBP.
#lib/FP/List.pm	Subroutine prototypes used at line 447, column 1. See page 194 of PBP.
#lib/FP/List.pm	Subroutine prototypes used at line 466, column 1. See page 194 of PBP.
#lib/FP/List.pm	Subroutine prototypes used at line 486, column 1. See page 194 of PBP.
#lib/FP/List.pm	Subroutine prototypes used at line 515, column 1. See page 194 of PBP.
#lib/FP/List.pm	Subroutine prototypes used at line 541, column 1. See page 194 of PBP.
#lib/FP/List.pm	Subroutine prototypes used at line 557, column 1. See page 194 of PBP.
#lib/FP/List.pm	Subroutine prototypes used at line 566, column 1. See page 194 of PBP.
#lib/FP/List.pm	Subroutine prototypes used at line 586, column 1. See page 194 of PBP.
#lib/FP/List.pm	Subroutine prototypes used at line 606, column 1. See page 194 of PBP.
#lib/FP/List.pm	Subroutine prototypes used at line 618, column 1. See page 194 of PBP.
#lib/FP/List.pm	Subroutine prototypes used at line 627, column 1. See page 194 of PBP.
#lib/FP/List.pm	Subroutine prototypes used at line 643, column 1. See page 194 of PBP.
#lib/FP/List.pm	Subroutine prototypes used at line 658, column 1. See page 194 of PBP.
#lib/FP/List.pm	Subroutine prototypes used at line 659, column 1. See page 194 of PBP.
#lib/FP/List.pm	Subroutine prototypes used at line 692, column 1. See page 194 of PBP.
#lib/FP/List.pm	Subroutine prototypes used at line 693, column 1. See page 194 of PBP.
#lib/FP/List.pm	Subroutine prototypes used at line 713, column 1. See page 194 of PBP.
#lib/FP/List.pm	Subroutine prototypes used at line 714, column 1. See page 194 of PBP.
#lib/FP/List.pm	Subroutine prototypes used at line 731, column 1. See page 194 of PBP.
#lib/FP/List.pm	Subroutine prototypes used at line 732, column 1. See page 194 of PBP.
#lib/FP/List.pm	Subroutine prototypes used at line 771, column 1. See page 194 of PBP.
#lib/FP/List.pm	Subroutine prototypes used at line 792, column 1. See page 194 of PBP.
#lib/FP/List.pm	Subroutine prototypes used at line 793, column 1. See page 194 of PBP.
#lib/FP/List.pm	Subroutine prototypes used at line 822, column 1. See page 194 of PBP.
#lib/FP/List.pm	Subroutine prototypes used at line 838, column 1. See page 194 of PBP.
#lib/FP/List.pm	Subroutine prototypes used at line 861, column 1. See page 194 of PBP.
#lib/FP/List.pm	Subroutine prototypes used at line 884, column 1. See page 194 of PBP.
#lib/FP/List.pm	Subroutine prototypes used at line 897, column 1. See page 194 of PBP.
#lib/FP/List.pm	Subroutine prototypes used at line 909, column 1. See page 194 of PBP.
#lib/FP/List.pm	Subroutine prototypes used at line 918, column 1. See page 194 of PBP.
#lib/FP/List.pm	Subroutine prototypes used at line 938, column 1. See page 194 of PBP.
#lib/FP/List.pm	Subroutine prototypes used at line 974, column 1. See page 194 of PBP.
#lib/FP/List.pm	Subroutine prototypes used at line 1009, column 1. See page 194 of PBP.
#lib/FP/List.pm	Subroutine prototypes used at line 1010, column 1. See page 194 of PBP.
#lib/FP/List.pm	Subroutine prototypes used at line 1110, column 1. See page 194 of PBP.

#lib/FP/Ops.pm	Code before strictures are enabled at line 35, column 1. See page 429 of PBP.
#lib/FP/Ops.pm	Subroutine prototypes used at line 94, column 1. See page 194 of PBP.
#lib/FP/Ops.pm	Subroutine prototypes used at line 98, column 1. See page 194 of PBP.
#lib/FP/Ops.pm	Subroutine prototypes used at line 112, column 1. See page 194 of PBP.
#lib/FP/Ops.pm	Expression form of "eval" at line 115, column 5. See page 161 of PBP.
#lib/FP/Ops.pm	Subroutine prototypes used at line 119, column 1. See page 194 of PBP.
#lib/FP/Ops.pm	Expression form of "eval" at line 122, column 5. See page 161 of PBP.

#lib/FP/OrderedCollection.pm	"return" statement with explicit "undef" at line 75, column 44. See page 199 of PBP.
#lib/FP/OrderedCollection.pm	"return" statement with explicit "undef" at line 82, column 43. See page 199 of PBP.

#lib/FP/Predicates.pm	Code before strictures are enabled at line 51, column 1. See page 429 of PBP.
#lib/FP/Predicates.pm	Subroutine prototypes used at line 96, column 1. See page 194 of PBP.
#lib/FP/Predicates.pm	Subroutine prototypes used at line 105, column 1. See page 194 of PBP.
#lib/FP/Predicates.pm	Subroutine prototypes used at line 109, column 1. See page 194 of PBP.
#lib/FP/Predicates.pm	Subroutine prototypes used at line 113, column 1. See page 194 of PBP.
#lib/FP/Predicates.pm	Subroutine prototypes used at line 118, column 1. See page 194 of PBP.
#lib/FP/Predicates.pm	Subroutine prototypes used at line 123, column 1. See page 194 of PBP.
#lib/FP/Predicates.pm	Subroutine prototypes used at line 128, column 1. See page 194 of PBP.
#lib/FP/Predicates.pm	Subroutine prototypes used at line 132, column 1. See page 194 of PBP.
#lib/FP/Predicates.pm	Subroutine prototypes used at line 152, column 1. See page 194 of PBP.
#lib/FP/Predicates.pm	Subroutine prototypes used at line 159, column 1. See page 194 of PBP.
#lib/FP/Predicates.pm	Subroutine prototypes used at line 166, column 1. See page 194 of PBP.
#lib/FP/Predicates.pm	Subroutine prototypes used at line 173, column 1. See page 194 of PBP.
#lib/FP/Predicates.pm	Subroutine prototypes used at line 182, column 1. See page 194 of PBP.
#lib/FP/Predicates.pm	Subroutine prototypes used at line 188, column 1. See page 194 of PBP.
#lib/FP/Predicates.pm	Subroutine prototypes used at line 196, column 1. See page 194 of PBP.
#lib/FP/Predicates.pm	Subroutine prototypes used at line 200, column 1. See page 194 of PBP.
#lib/FP/Predicates.pm	Subroutine prototypes used at line 204, column 1. See page 194 of PBP.
#lib/FP/Predicates.pm	Subroutine prototypes used at line 211, column 1. See page 194 of PBP.
#lib/FP/Predicates.pm	Subroutine prototypes used at line 216, column 1. See page 194 of PBP.
#lib/FP/Predicates.pm	Subroutine prototypes used at line 224, column 1. See page 194 of PBP.
#lib/FP/Predicates.pm	Subroutine prototypes used at line 230, column 1. See page 194 of PBP.
#lib/FP/Predicates.pm	Two-argument "open" used at line 250, column 7. See page 207 of PBP.
#lib/FP/Predicates.pm	Subroutine prototypes used at line 263, column 1. See page 194 of PBP.
#lib/FP/Predicates.pm	Subroutine prototypes used at line 271, column 1. See page 194 of PBP.
#lib/FP/Predicates.pm	Subroutine prototypes used at line 288, column 1. See page 194 of PBP.
#lib/FP/Predicates.pm	Subroutine prototypes used at line 328, column 1. See page 194 of PBP.

#lib/FP/PureArray.pm	Code before strictures are enabled at line 35, column 1. See page 429 of PBP.
#lib/FP/PureArray.pm	Subroutine prototypes used at line 50, column 1. See page 194 of PBP.
#lib/FP/PureArray.pm	Subroutine prototypes used at line 58, column 1. See page 194 of PBP.
#lib/FP/PureArray.pm	Subroutine prototypes used at line 76, column 1. See page 194 of PBP.
#lib/FP/PureArray.pm	Subroutine prototypes used at line 81, column 1. See page 194 of PBP.

#lib/FP/Stream.pm	Code before strictures are enabled at line 50, column 1. See page 429 of PBP.
#lib/FP/Stream.pm	Subroutine prototypes used at line 135, column 1. See page 194 of PBP.
#lib/FP/Stream.pm	Subroutine prototypes used at line 171, column 1. See page 194 of PBP.
#lib/FP/Stream.pm	Subroutine prototypes used at line 200, column 1. See page 194 of PBP.
#lib/FP/Stream.pm	Subroutine prototypes used at line 218, column 1. See page 194 of PBP.
#lib/FP/Stream.pm	Subroutine prototypes used at line 234, column 1. See page 194 of PBP.
#lib/FP/Stream.pm	Subroutine prototypes used at line 235, column 1. See page 194 of PBP.
#lib/FP/Stream.pm	Subroutine prototypes used at line 246, column 1. See page 194 of PBP.
#lib/FP/Stream.pm	Subroutine prototypes used at line 247, column 1. See page 194 of PBP.
#lib/FP/Stream.pm	Subroutine prototypes used at line 261, column 1. See page 194 of PBP.
#lib/FP/Stream.pm	Subroutine prototypes used at line 262, column 1. See page 194 of PBP.
#lib/FP/Stream.pm	Subroutine prototypes used at line 309, column 1. See page 194 of PBP.
#lib/FP/Stream.pm	Subroutine prototypes used at line 310, column 1. See page 194 of PBP.
#lib/FP/Stream.pm	Subroutine prototypes used at line 331, column 1. See page 194 of PBP.
#lib/FP/Stream.pm	Subroutine prototypes used at line 332, column 1. See page 194 of PBP.
#lib/FP/Stream.pm	Subroutine prototypes used at line 350, column 1. See page 194 of PBP.
#lib/FP/Stream.pm	Subroutine prototypes used at line 351, column 1. See page 194 of PBP.
#lib/FP/Stream.pm	Subroutine prototypes used at line 397, column 1. See page 194 of PBP.
#lib/FP/Stream.pm	Subroutine prototypes used at line 407, column 1. See page 194 of PBP.
#lib/FP/Stream.pm	Subroutine prototypes used at line 415, column 1. See page 194 of PBP.
#lib/FP/Stream.pm	Subroutine prototypes used at line 427, column 1. See page 194 of PBP.
#lib/FP/Stream.pm	Subroutine prototypes used at line 440, column 1. See page 194 of PBP.
#lib/FP/Stream.pm	Subroutine prototypes used at line 449, column 1. See page 194 of PBP.
#lib/FP/Stream.pm	Subroutine prototypes used at line 455, column 1. See page 194 of PBP.
#lib/FP/Stream.pm	Subroutine prototypes used at line 462, column 1. See page 194 of PBP.
#lib/FP/Stream.pm	Subroutine prototypes used at line 467, column 1. See page 194 of PBP.
#lib/FP/Stream.pm	Subroutine prototypes used at line 480, column 1. See page 194 of PBP.
#lib/FP/Stream.pm	Subroutine prototypes used at line 497, column 1. See page 194 of PBP.
#lib/FP/Stream.pm	Subroutine prototypes used at line 513, column 1. See page 194 of PBP.
#lib/FP/Stream.pm	Subroutine prototypes used at line 514, column 1. See page 194 of PBP.
#lib/FP/Stream.pm	Subroutine prototypes used at line 529, column 1. See page 194 of PBP.
#lib/FP/Stream.pm	Subroutine prototypes used at line 530, column 1. See page 194 of PBP.
#lib/FP/Stream.pm	Subroutine prototypes used at line 548, column 1. See page 194 of PBP.
#lib/FP/Stream.pm	Subroutine prototypes used at line 549, column 1. See page 194 of PBP.
#lib/FP/Stream.pm	Subroutine prototypes used at line 570, column 1. See page 194 of PBP.
#lib/FP/Stream.pm	Subroutine prototypes used at line 571, column 1. See page 194 of PBP.
#lib/FP/Stream.pm	Subroutine prototypes used at line 600, column 1. See page 194 of PBP.
#lib/FP/Stream.pm	Subroutine prototypes used at line 619, column 1. See page 194 of PBP.
#lib/FP/Stream.pm	Subroutine prototypes used at line 638, column 1. See page 194 of PBP.
#lib/FP/Stream.pm	Subroutine prototypes used at line 639, column 1. See page 194 of PBP.
#lib/FP/Stream.pm	Subroutine prototypes used at line 664, column 1. See page 194 of PBP.
#lib/FP/Stream.pm	Subroutine prototypes used at line 697, column 1. See page 194 of PBP.
#lib/FP/Stream.pm	Subroutine prototypes used at line 720, column 1. See page 194 of PBP.
#lib/FP/Stream.pm	Subroutine prototypes used at line 728, column 1. See page 194 of PBP.
#lib/FP/Stream.pm	Subroutine prototypes used at line 729, column 1. See page 194 of PBP.
#lib/FP/Stream.pm	Subroutine prototypes used at line 749, column 1. See page 194 of PBP.

#lib/FP/StrictList.pm	Code before strictures are enabled at line 65, column 1. See page 429 of PBP.
#lib/FP/StrictList.pm	Subroutine prototypes used at line 114, column 1. See page 194 of PBP.
#lib/FP/StrictList.pm	Subroutine prototypes used at line 143, column 1. See page 194 of PBP.

#lib/FP/Struct.pm	Stricture disabled at line 120, column 5. See page 429 of PBP.
#lib/FP/Struct.pm	Stricture disabled at line 133, column 3. See page 429 of PBP.
#lib/FP/Struct.pm	Subroutine prototypes used at line 147, column 1. See page 194 of PBP.
#lib/FP/Struct.pm	Subroutine prototypes used at line 152, column 1. See page 194 of PBP.
#lib/FP/Struct.pm	Subroutine prototypes used at line 157, column 1. See page 194 of PBP.
#lib/FP/Struct.pm	Subroutine prototypes used at line 162, column 1. See page 194 of PBP.
#lib/FP/Struct.pm	Subroutine prototypes used at line 168, column 1. See page 194 of PBP.
#lib/FP/Struct.pm	Stricture disabled at line 188, column 5. See page 429 of PBP.

#lib/FP/Text/CSV.pm	Code before strictures are enabled at line 54, column 1. See page 429 of PBP.
#lib/FP/Text/CSV.pm	Subroutine prototypes used at line 82, column 1. See page 194 of PBP.
#lib/FP/Text/CSV.pm	Subroutine prototypes used at line 88, column 1. See page 194 of PBP.
#lib/FP/Text/CSV.pm	Subroutine prototypes used at line 93, column 1. See page 194 of PBP.
#lib/FP/Text/CSV.pm	Subroutine prototypes used at line 105, column 1. See page 194 of PBP.
#lib/FP/Text/CSV.pm	Subroutine prototypes used at line 123, column 1. See page 194 of PBP.
#lib/FP/Text/CSV.pm	Subroutine prototypes used at line 135, column 1. See page 194 of PBP.
#lib/FP/Text/CSV.pm	Subroutine prototypes used at line 149, column 1. See page 194 of PBP.
#lib/FP/Text/CSV.pm	Integer with leading zeros: "0666" at line 155, column 21. See page 58 of PBP.

#lib/FP/Trampoline.pm	Code before strictures are enabled at line 61, column 1. See page 429 of PBP.
#lib/FP/Trampoline.pm	Subroutine prototypes used at line 68, column 1. See page 194 of PBP.
#lib/FP/Trampoline.pm	Subroutine prototypes used at line 76, column 1. See page 194 of PBP.

#lib/FP/Values.pm	Code before strictures are enabled at line 19, column 1. See page 429 of PBP.

#lib/FP/Weak.pm	Code before strictures are enabled at line 79, column 1. See page 429 of PBP.
#lib/FP/Weak.pm	Subroutine prototypes used at line 94, column 1. See page 194 of PBP.
#lib/FP/Weak.pm	Subroutine prototypes used at line 103, column 1. See page 194 of PBP.
#lib/FP/Weak.pm	Subroutine prototypes used at line 110, column 1. See page 194 of PBP.
#lib/FP/Weak.pm	Subroutine prototypes used at line 117, column 1. See page 194 of PBP.
#lib/FP/Weak.pm	Subroutine prototypes used at line 121, column 1. See page 194 of PBP.
#lib/FP/Weak.pm	Subroutine prototypes used at line 125, column 1. See page 194 of PBP.
#lib/FP/Weak.pm	Subroutine prototypes used at line 130, column 1. See page 194 of PBP.
#lib/FP/Weak.pm	Subroutine prototypes used at line 135, column 1. See page 194 of PBP.
#lib/FP/Weak.pm	Subroutine prototypes used at line 140, column 1. See page 194 of PBP.
#lib/FP/Weak.pm	Subroutine prototypes used at line 145, column 1. See page 194 of PBP.
#lib/FP/Weak.pm	Subroutine prototypes used at line 150, column 1. See page 194 of PBP.
#lib/FP/Weak.pm	Subroutine prototypes used at line 155, column 1. See page 194 of PBP.

#lib/FP/fix.pm	Code before strictures are enabled at line 54, column 1. See page 429 of PBP.
#lib/FP/fix.pm	Subroutine prototypes used at line 102, column 1. See page 194 of PBP.

#lib/FP/url_.pm	Code before strictures are enabled at line 25, column 1. See page 429 of PBP.

#lib/PXML.pm	Code before strictures are enabled at line 30, column 1. See page 429 of PBP.
#lib/PXML.pm	Subroutine prototypes used at line 41, column 1. See page 194 of PBP.

#lib/PXML/HTML5.pm	Code before strictures are enabled at line 20, column 1. See page 429 of PBP.

#lib/PXML/SVG.pm	Code before strictures are enabled at line 19, column 1. See page 429 of PBP.
#lib/PXML/SVG.pm	Stricture disabled at line 63, column 5. See page 429 of PBP.

#lib/PXML/Serialize.pm	Code before strictures are enabled at line 19, column 1. See page 429 of PBP.
#lib/PXML/Serialize.pm	Subroutine prototypes used at line 215, column 1. See page 194 of PBP.
#lib/PXML/Serialize.pm	Subroutine prototypes used at line 216, column 1. See page 194 of PBP.
#lib/PXML/Serialize.pm	Subroutine prototypes used at line 251, column 1. See page 194 of PBP.
#lib/PXML/Serialize.pm	Subroutine prototypes used at line 278, column 1. See page 194 of PBP.
#lib/PXML/Serialize.pm	Subroutine prototypes used at line 284, column 1. See page 194 of PBP.
#lib/PXML/Serialize.pm	Subroutine prototypes used at line 291, column 1. See page 194 of PBP.
#lib/PXML/Serialize.pm	I/O layer ":utf8" used at line 295, column 5. Use ":encoding(UTF-8)" to get strict validation.
#lib/PXML/Serialize.pm	Subroutine prototypes used at line 300, column 1. See page 194 of PBP.
#lib/PXML/Serialize.pm	I/O layer ":utf8" used at line 305, column 5. Use ":encoding(UTF-8)" to get strict validation.

#lib/PXML/Tags.pm	Stricture disabled at line 37, column 2. See page 429 of PBP.

#lib/PXML/Util.pm	Code before strictures are enabled at line 19, column 1. See page 429 of PBP.
#lib/PXML/Util.pm	Subroutine prototypes used at line 40, column 1. See page 194 of PBP.
#lib/PXML/Util.pm	Subroutine prototypes used at line 81, column 1. See page 194 of PBP.

#lib/PXML/XHTML.pm	Code before strictures are enabled at line 19, column 1. See page 429 of PBP.
#lib/PXML/XHTML.pm	Stricture disabled at line 136, column 5. See page 429 of PBP.

#meta/ModuleList.pm	Code before strictures are enabled at line 19, column 1. See page 429 of PBP.

